app/build/intermediates/manifest_merge_blame_file/debug/manifest-merger-blame-debug-report.txt
1<?xml version="1.0" encoding="utf-8"?>
2<manifest xmlns:android="http://schemas.android.com/apk/res/android"
3    package="com.buzz.vpn"
4    android:versionCode="37"
5    android:versionName="2.8.2000" >
6
7    <uses-sdk
8        android:minSdkVersion="21"
8-->src\main\AndroidManifest.xml
9        android:targetSdkVersion="28" />
9-->src\main\AndroidManifest.xml
10
11    <uses-permission android:name="android.permission.INTERNET" />
11-->src\main\AndroidManifest.xml:6:5-67
11-->src\main\AndroidManifest.xml:6:22-64
12    <uses-permission android:name="android.permission.ACCESS_NETWORK_STATE" />
12-->src\main\AndroidManifest.xml:7:5-79
12-->src\main\AndroidManifest.xml:7:22-76
13    <uses-permission android:name="android.permission.FOREGROUND_SERVICE" />
13-->src\main\AndroidManifest.xml:8:5-77
13-->src\main\AndroidManifest.xml:8:22-74
14
15    <supports-screens
15-->src\main\AndroidManifest.xml:10:5-16:40
16        android:anyDensity="true"
16-->src\main\AndroidManifest.xml:11:9-34
17        android:largeScreens="true"
17-->src\main\AndroidManifest.xml:12:9-36
18        android:normalScreens="true"
18-->src\main\AndroidManifest.xml:13:9-37
19        android:resizeable="true"
19-->src\main\AndroidManifest.xml:14:9-34
20        android:smallScreens="true"
20-->src\main\AndroidManifest.xml:15:9-36
21        android:xlargeScreens="true" />
21-->src\main\AndroidManifest.xml:16:9-37
22
23    <uses-permission android:name="android.permission.WAKE_LOCK" /> <!-- Required by older versions of Google Play services to create IID tokens -->
23-->[com.google.android.gms:play-services-measurement-api:17.2.1] AndroidManifest.xml:24:5-68
23-->[com.google.android.gms:play-services-measurement-api:17.2.1] AndroidManifest.xml:24:22-65
24    <uses-permission android:name="com.google.android.c2dm.permission.RECEIVE" />
24-->[com.google.firebase:firebase-iid:20.0.1] AndroidManifest.xml:26:5-82
24-->[com.google.firebase:firebase-iid:20.0.1] AndroidManifest.xml:26:22-79
25    <uses-permission android:name="com.google.android.finsky.permission.BIND_GET_INSTALL_REFERRER_SERVICE" />
25-->[com.google.android.gms:play-services-measurement:17.2.1] AndroidManifest.xml:26:5-110
25-->[com.google.android.gms:play-services-measurement:17.2.1] AndroidManifest.xml:26:22-107
26
27    <application
27-->src\main\AndroidManifest.xml:18:5-83:19
28        android:name="de.blinkt.openvpn.core.App"
28-->src\main\AndroidManifest.xml:19:9-50
29        android:allowBackup="false"
29-->src\main\AndroidManifest.xml:20:9-36
30        android:appComponentFactory="androidx.core.app.CoreComponentFactory"
30-->[androidx.core:core:1.1.0] AndroidManifest.xml:24:18-86
31        android:debuggable="true"
32        android:icon="@drawable/ic_app_google"
32-->src\main\AndroidManifest.xml:21:9-47
33        android:label="@string/app_name"
33-->src\main\AndroidManifest.xml:22:9-41
34        android:supportsRtl="false"
34-->src\main\AndroidManifest.xml:23:9-36
35        android:theme="@style/AppTheme" >
35-->src\main\AndroidManifest.xml:24:9-40
36        <meta-data
36-->src\main\AndroidManifest.xml:26:9-28:35
37            android:name="android.max_aspect"
37-->src\main\AndroidManifest.xml:27:13-46
38            android:value="2.1" />
38-->src\main\AndroidManifest.xml:28:13-32
39
40        <service
40-->src\main\AndroidManifest.xml:30:9-36:19
41            android:name="de.blinkt.openvpn.core.OpenVPNService"
41-->src\main\AndroidManifest.xml:31:13-65
42            android:permission="android.permission.BIND_VPN_SERVICE" >
42-->src\main\AndroidManifest.xml:32:13-69
43            <intent-filter>
43-->src\main\AndroidManifest.xml:33:13-35:29
44                <action android:name="android.net.VpnService" />
44-->src\main\AndroidManifest.xml:34:17-65
44-->src\main\AndroidManifest.xml:34:25-62
45            </intent-filter>
46        </service>
47        <service android:name="de.blinkt.openvpn.api.ExternalOpenVPNService" >
47-->src\main\AndroidManifest.xml:37:9-43:19
47-->src\main\AndroidManifest.xml:38:13-72
48            <intent-filter>
48-->src\main\AndroidManifest.xml:40:13-42:29
49                <action android:name="de.blinkt.openvpn.api.IOpenVPNAPIService" />
49-->src\main\AndroidManifest.xml:41:17-83
49-->src\main\AndroidManifest.xml:41:25-80
50            </intent-filter>
51        </service>
52
53        <activity
53-->src\main\AndroidManifest.xml:45:9-65:20
54            android:name="com.buzz.vpn.MainActivity"
54-->src\main\AndroidManifest.xml:46:13-41
55            android:launchMode="singleTop"
55-->src\main\AndroidManifest.xml:47:13-43
56            android:screenOrientation="portrait" >
56-->src\main\AndroidManifest.xml:48:13-49
57            <intent-filter>
57-->src\main\AndroidManifest.xml:49:13-53:29
58                <action android:name="android.intent.action.MAIN" />
58-->src\main\AndroidManifest.xml:50:17-69
58-->src\main\AndroidManifest.xml:50:25-66
59
60                <category android:name="android.intent.category.LAUNCHER" />
60-->src\main\AndroidManifest.xml:52:17-77
60-->src\main\AndroidManifest.xml:52:27-74
61            </intent-filter>
62            <intent-filter android:label="@string/app_name" >
62-->src\main\AndroidManifest.xml:54:13-64:29
62-->src\main\AndroidManifest.xml:54:28-60
63                <action android:name="android.intent.action.VIEW" />
63-->src\main\AndroidManifest.xml:55:17-69
63-->src\main\AndroidManifest.xml:55:25-66
64
65                <category android:name="android.intent.category.DEFAULT" />
65-->src\main\AndroidManifest.xml:57:17-76
65-->src\main\AndroidManifest.xml:57:27-73
66                <category android:name="android.intent.category.BROWSABLE" />
66-->src\main\AndroidManifest.xml:58:17-78
66-->src\main\AndroidManifest.xml:58:27-75
67
68                <data
68-->src\main\AndroidManifest.xml:60:17-63:45
69                    android:host="gayanvoice.github.com"
69-->src\main\AndroidManifest.xml:61:21-57
70                    android:pathPrefix="/"
70-->src\main\AndroidManifest.xml:62:21-43
71                    android:scheme="http" />
71-->src\main\AndroidManifest.xml:63:21-42
72            </intent-filter>
73        </activity>
74        <activity
74-->src\main\AndroidManifest.xml:66:9-76:20
75            android:name="de.blinkt.openvpn.LaunchVPN"
75-->src\main\AndroidManifest.xml:67:13-55
76            android:excludeFromRecents="true"
76-->src\main\AndroidManifest.xml:68:13-46
77            android:label="@string/vpn_launch_title" >
77-->src\main\AndroidManifest.xml:69:13-53
78            <intent-filter>
78-->src\main\AndroidManifest.xml:71:13-75:29
79                <action android:name="android.intent.action.MAIN" />
79-->src\main\AndroidManifest.xml:50:17-69
79-->src\main\AndroidManifest.xml:50:25-66
80
81                <category android:name="android.intent.category.DEFAULT" />
81-->src\main\AndroidManifest.xml:57:17-76
81-->src\main\AndroidManifest.xml:57:27-73
82            </intent-filter>
83        </activity>
84        <activity android:name="com.buzz.vpn.ServerActivity" />
84-->src\main\AndroidManifest.xml:77:9-52
84-->src\main\AndroidManifest.xml:77:19-49
85        <activity android:name="com.buzz.vpn.UsageActivity" />
85-->src\main\AndroidManifest.xml:78:9-51
85-->src\main\AndroidManifest.xml:78:19-48
86        <activity android:name="com.buzz.vpn.ContactActivity" />
86-->src\main\AndroidManifest.xml:79:9-52
86-->src\main\AndroidManifest.xml:79:19-50
87        <activity android:name="com.buzz.vpn.WelcomeActivity" />
87-->src\main\AndroidManifest.xml:80:9-53
87-->src\main\AndroidManifest.xml:80:19-50
88        <activity android:name="com.buzz.vpn.FAQActivity" />
88-->src\main\AndroidManifest.xml:81:9-49
88-->src\main\AndroidManifest.xml:81:19-46
89        <activity android:name="com.buzz.vpn.ReviewActivity" />
89-->src\main\AndroidManifest.xml:82:9-52
89-->src\main\AndroidManifest.xml:82:19-49
90
91        <provider
91-->[com.google.firebase:firebase-perf:19.0.4] AndroidManifest.xml:25:9-29:39
92            android:name="com.google.firebase.perf.provider.FirebasePerfProvider"
92-->[com.google.firebase:firebase-perf:19.0.4] AndroidManifest.xml:26:13-82
93            android:authorities="com.buzz.vpn.firebaseperfprovider"
93-->[com.google.firebase:firebase-perf:19.0.4] AndroidManifest.xml:27:13-72
94            android:exported="false"
94-->[com.google.firebase:firebase-perf:19.0.4] AndroidManifest.xml:28:13-37
95            android:initOrder="101" />
95-->[com.google.firebase:firebase-perf:19.0.4] AndroidManifest.xml:29:13-36
96
97        <service
97-->[com.google.firebase:firebase-perf:19.0.4] AndroidManifest.xml:31:9-37:19
98            android:name="com.google.firebase.components.ComponentDiscoveryService"
98-->[com.google.firebase:firebase-perf:19.0.4] AndroidManifest.xml:32:13-84
99            android:directBootAware="true"
99-->[com.google.firebase:firebase-common:19.3.0] AndroidManifest.xml:34:13-43
100            android:exported="false" >
100-->[com.google.firebase:firebase-perf:19.0.4] AndroidManifest.xml:33:13-37
101            <meta-data
101-->[com.google.firebase:firebase-perf:19.0.4] AndroidManifest.xml:34:13-36:85
102                android:name="com.google.firebase.components:com.google.firebase.perf.FirebasePerfRegistrar"
102-->[com.google.firebase:firebase-perf:19.0.4] AndroidManifest.xml:35:17-109
103                android:value="com.google.firebase.components.ComponentRegistrar" />
103-->[com.google.firebase:firebase-perf:19.0.4] AndroidManifest.xml:36:17-82
104            <meta-data
104-->[com.google.firebase:firebase-config:19.0.4] AndroidManifest.xml:32:13-34:85
105                android:name="com.google.firebase.components:com.google.firebase.remoteconfig.RemoteConfigRegistrar"
105-->[com.google.firebase:firebase-config:19.0.4] AndroidManifest.xml:33:17-117
106                android:value="com.google.firebase.components.ComponentRegistrar" />
106-->[com.google.firebase:firebase-config:19.0.4] AndroidManifest.xml:34:17-82
107            <meta-data
107-->[com.google.android.gms:play-services-measurement-api:17.2.1] AndroidManifest.xml:30:13-32:85
108                android:name="com.google.firebase.components:com.google.firebase.analytics.connector.internal.AnalyticsConnectorRegistrar"
108-->[com.google.android.gms:play-services-measurement-api:17.2.1] AndroidManifest.xml:31:17-139
109                android:value="com.google.firebase.components.ComponentRegistrar" />
109-->[com.google.android.gms:play-services-measurement-api:17.2.1] AndroidManifest.xml:32:17-82
110            <meta-data
110-->[com.google.firebase:firebase-iid:20.0.1] AndroidManifest.xml:32:13-34:85
111                android:name="com.google.firebase.components:com.google.firebase.iid.Registrar"
111-->[com.google.firebase:firebase-iid:20.0.1] AndroidManifest.xml:33:17-96
112                android:value="com.google.firebase.components.ComponentRegistrar" />
112-->[com.google.firebase:firebase-iid:20.0.1] AndroidManifest.xml:34:17-82
113            <meta-data
113-->[com.google.firebase:firebase-abt:19.0.0] AndroidManifest.xml:13:13-15:85
114                android:name="com.google.firebase.components:com.google.firebase.abt.component.AbtRegistrar"
114-->[com.google.firebase:firebase-abt:19.0.0] AndroidManifest.xml:14:17-109
115                android:value="com.google.firebase.components.ComponentRegistrar" />
115-->[com.google.firebase:firebase-abt:19.0.0] AndroidManifest.xml:15:17-82
116        </service>
117
118        <provider
118-->[com.crashlytics.sdk.android:crashlytics:2.10.1] AndroidManifest.xml:19:9-23:38
119            android:name="com.crashlytics.android.CrashlyticsInitProvider"
119-->[com.crashlytics.sdk.android:crashlytics:2.10.1] AndroidManifest.xml:20:13-75
120            android:authorities="com.buzz.vpn.crashlyticsinitprovider"
120-->[com.crashlytics.sdk.android:crashlytics:2.10.1] AndroidManifest.xml:21:13-75
121            android:exported="false"
121-->[com.crashlytics.sdk.android:crashlytics:2.10.1] AndroidManifest.xml:22:13-37
122            android:initOrder="90" />
122-->[com.crashlytics.sdk.android:crashlytics:2.10.1] AndroidManifest.xml:23:13-35
123
124        <receiver
124-->[com.google.firebase:firebase-iid:20.0.1] AndroidManifest.xml:37:9-44:20
125            android:name="com.google.firebase.iid.FirebaseInstanceIdReceiver"
125-->[com.google.firebase:firebase-iid:20.0.1] AndroidManifest.xml:38:13-78
126            android:exported="true"
126-->[com.google.firebase:firebase-iid:20.0.1] AndroidManifest.xml:39:13-36
127            android:permission="com.google.android.c2dm.permission.SEND" >
127-->[com.google.firebase:firebase-iid:20.0.1] AndroidManifest.xml:40:13-73
128            <intent-filter>
128-->[com.google.firebase:firebase-iid:20.0.1] AndroidManifest.xml:41:13-43:29
129                <action android:name="com.google.android.c2dm.intent.RECEIVE" />
129-->[com.google.firebase:firebase-iid:20.0.1] AndroidManifest.xml:42:17-81
129-->[com.google.firebase:firebase-iid:20.0.1] AndroidManifest.xml:42:25-78
130            </intent-filter>
131        </receiver>
132
133        <activity
133-->[com.google.android.gms:play-services-base:17.0.0] AndroidManifest.xml:23:9-26:75
134            android:name="com.google.android.gms.common.api.GoogleApiActivity"
134-->[com.google.android.gms:play-services-base:17.0.0] AndroidManifest.xml:24:13-79
135            android:exported="false"
135-->[com.google.android.gms:play-services-base:17.0.0] AndroidManifest.xml:25:13-37
136            android:theme="@android:style/Theme.Translucent.NoTitleBar" />
136-->[com.google.android.gms:play-services-base:17.0.0] AndroidManifest.xml:26:13-72
137
138        <provider
138-->[com.google.firebase:firebase-common:19.3.0] AndroidManifest.xml:26:9-30:39
139            android:name="com.google.firebase.provider.FirebaseInitProvider"
139-->[com.google.firebase:firebase-common:19.3.0] AndroidManifest.xml:27:13-77
140            android:authorities="com.buzz.vpn.firebaseinitprovider"
140-->[com.google.firebase:firebase-common:19.3.0] AndroidManifest.xml:28:13-72
141            android:exported="false"
141-->[com.google.firebase:firebase-common:19.3.0] AndroidManifest.xml:29:13-37
142            android:initOrder="100" />
142-->[com.google.firebase:firebase-common:19.3.0] AndroidManifest.xml:30:13-36
143
144        <receiver
144-->[com.google.android.gms:play-services-measurement:17.2.1] AndroidManifest.xml:29:9-33:20
145            android:name="com.google.android.gms.measurement.AppMeasurementReceiver"
145-->[com.google.android.gms:play-services-measurement:17.2.1] AndroidManifest.xml:30:13-85
146            android:enabled="true"
146-->[com.google.android.gms:play-services-measurement:17.2.1] AndroidManifest.xml:31:13-35
147            android:exported="false" >
147-->[com.google.android.gms:play-services-measurement:17.2.1] AndroidManifest.xml:32:13-37
148        </receiver>
149        <receiver
149-->[com.google.android.gms:play-services-measurement:17.2.1] AndroidManifest.xml:34:9-42:20
150            android:name="com.google.android.gms.measurement.AppMeasurementInstallReferrerReceiver"
150-->[com.google.android.gms:play-services-measurement:17.2.1] AndroidManifest.xml:35:13-100
151            android:enabled="true"
151-->[com.google.android.gms:play-services-measurement:17.2.1] AndroidManifest.xml:36:13-35
152            android:exported="true"
152-->[com.google.android.gms:play-services-measurement:17.2.1] AndroidManifest.xml:37:13-36
153            android:permission="android.permission.INSTALL_PACKAGES" >
153-->[com.google.android.gms:play-services-measurement:17.2.1] AndroidManifest.xml:38:13-69
154            <intent-filter>
154-->[com.google.android.gms:play-services-measurement:17.2.1] AndroidManifest.xml:39:13-41:29
155                <action android:name="com.android.vending.INSTALL_REFERRER" />
155-->[com.google.android.gms:play-services-measurement:17.2.1] AndroidManifest.xml:40:17-79
155-->[com.google.android.gms:play-services-measurement:17.2.1] AndroidManifest.xml:40:25-76
156            </intent-filter>
157        </receiver>
158
159        <service
159-->[com.google.android.gms:play-services-measurement:17.2.1] AndroidManifest.xml:44:9-47:40
160            android:name="com.google.android.gms.measurement.AppMeasurementService"
160-->[com.google.android.gms:play-services-measurement:17.2.1] AndroidManifest.xml:45:13-84
161            android:enabled="true"
161-->[com.google.android.gms:play-services-measurement:17.2.1] AndroidManifest.xml:46:13-35
162            android:exported="false" />
162-->[com.google.android.gms:play-services-measurement:17.2.1] AndroidManifest.xml:47:13-37
163        <service
163-->[com.google.android.gms:play-services-measurement:17.2.1] AndroidManifest.xml:48:9-52:72
164            android:name="com.google.android.gms.measurement.AppMeasurementJobService"
164-->[com.google.android.gms:play-services-measurement:17.2.1] AndroidManifest.xml:49:13-87
165            android:enabled="true"
165-->[com.google.android.gms:play-services-measurement:17.2.1] AndroidManifest.xml:50:13-35
166            android:exported="false"
166-->[com.google.android.gms:play-services-measurement:17.2.1] AndroidManifest.xml:51:13-37
167            android:permission="android.permission.BIND_JOB_SERVICE" />
167-->[com.google.android.gms:play-services-measurement:17.2.1] AndroidManifest.xml:52:13-69
168
169        <meta-data
169-->[com.google.android.gms:play-services-basement:17.0.0] AndroidManifest.xml:23:9-25:69
170            android:name="com.google.android.gms.version"
170-->[com.google.android.gms:play-services-basement:17.0.0] AndroidManifest.xml:24:13-58
171            android:value="@integer/google_play_services_version" />
171-->[com.google.android.gms:play-services-basement:17.0.0] AndroidManifest.xml:25:13-66
172    </application>
173
174</manifest>